<?xml version="1.0" encoding="UTF-8"?>
<robot generator="Robot 6.1.1 (Python 3.11.7 on win32)" generated="20240712 13:24:29.828" rpa="false" schemaversion="4">
<suite id="s1" name="User Registration &amp; User registration">
<suite id="s1-s1" name="User Registration" source="c:\Users\ankushsharma\Tagesspiegel\tests\user_registration.robot">
<test id="s1-s1-t1" name="Get Registration Link and Complete Registration" line="9">
<kw name="Create Imap Client" library="keywords">
<arg>${IMAP_SERVER}</arg>
<arg>${EMAIL}</arg>
<arg>${EMAIL_PASSWORD}</arg>
<kw name="Create Email Handler" library="imap_actions">
<arg>${server}</arg>
<arg>${username}</arg>
<arg>${password}</arg>
<msg timestamp="20240712 13:24:32.156" level="WARN">SMTP server address is needed for authentication</msg>
<msg timestamp="20240712 13:24:32.160" level="WARN">Not able to establish SMTP connection</msg>
<status status="PASS" starttime="20240712 13:24:32.155" endtime="20240712 13:24:34.991"/>
</kw>
<status status="PASS" starttime="20240712 13:24:32.154" endtime="20240712 13:24:34.992"/>
</kw>
<kw name="Get Latest Email" library="keywords">
<var>${email_body}</var>
<arg>False</arg>
<kw name="Get Latest Email" library="imap_actions">
<var>${email_body}</var>
<arg>${unread}</arg>
<msg timestamp="20240712 13:24:37.387" level="INFO">IMAP search: 'ALL'</msg>
<msg timestamp="20240712 13:53:45.227" level="INFO">Latest email keys: dict_keys(['Mail-Id', 'Message', 'Body', 'Delivered-To', 'Received', 'X-Google-Smtp-Source', 'X-Received', 'ARC-Seal', 'ARC-Message-Signature', 'ARC-Authentication-Results', 'Return-Path', 'Received-SPF', 'Authentication-Results', 'DKIM-Signature', 'From', 'To', 'Subject', 'Message-ID', 'MIME-Version', 'Date', 'Content-Type', 'Content-Transfer-Encoding', 'Feedback-ID', 'X-SES-Outgoing', 'Has-Attachments', 'uid'])</msg>
<msg timestamp="20240712 13:53:45.227" level="INFO">${email_body} = {'Mail-Id': '546', 'Message': &lt;email.message.Message object at 0x0000027D788BB250&gt;, 'Body': '&lt;!DOCTYPE html&gt;\r\n&lt;html lang="en" xmlns="http://www.w3.org/1999/xhtml" xmlns:v="urn:schemas-microsoft-com:...</msg>
<status status="PASS" starttime="20240712 13:24:34.997" endtime="20240712 13:53:45.227"/>
</kw>
<msg timestamp="20240712 13:53:45.228" level="INFO">${email_body} = {'Mail-Id': '546', 'Message': &lt;email.message.Message object at 0x0000027D788BB250&gt;, 'Body': '&lt;!DOCTYPE html&gt;\r\n&lt;html lang="en" xmlns="http://www.w3.org/1999/xhtml" xmlns:v="urn:schemas-microsoft-com:...</msg>
<status status="PASS" starttime="20240712 13:24:34.994" endtime="20240712 13:53:45.229"/>
</kw>
<kw name="Log" library="BuiltIn">
<arg>Email Body: ${email_body}</arg>
<doc>Logs the given message with the given level.</doc>
<msg timestamp="20240712 13:53:45.232" level="INFO">Email Body: {'Mail-Id': '546', 'Message': &lt;email.message.Message object at 0x0000027D788BB250&gt;, 'Body': '&lt;!DOCTYPE html&gt;\r\n&lt;html lang="en" xmlns="http://www.w3.org/1999/xhtml" xmlns:v="urn:schemas-microsoft-com:vml" xmlns:o="urn:schemas-microsoft-com:office:office"&gt;\r\n&lt;head&gt;\r\n    &lt;meta charset="utf-8"&gt; &lt;!-- utf-8 works for most cases --&gt;\r\n    &lt;meta name="viewport" content="width=device-width"&gt; &lt;!-- Forcing initial-scale shouldn\'t be necessary --&gt;\r\n    &lt;meta http-equiv="X-UA-Compatible" content="IE=edge"&gt; &lt;!-- Use the latest (edge) version of IE rendering engine --&gt;\r\n    &lt;meta name="x-apple-disable-message-reformatting"&gt;  &lt;!-- Disable auto-scale in iOS 10 Mail entirely --&gt;\r\n    &lt;meta name="format-detection" content="telephone=no,address=no,email=no,date=no,url=no"&gt; &lt;!-- Tell iOS not to automatically link certain text strings. --&gt;\r\n    &lt;meta name="color-scheme" content="light"&gt;\r\n    &lt;meta name="supported-color-schemes" content="light"&gt;\r\n    &lt;meta name=Generator content="Microsoft Word 15 (filtered medium)"&gt;\r\n    &lt;title&gt;&lt;/title&gt; &lt;!-- The title tag shows in email notifications, like Android 4.4. --&gt;\r\n\r\n    &lt;!-- What it does: Makes background images in 72ppi Outlook render at correct size. --&gt;\r\n    &lt;!--[if gte mso 9]&gt;\r\n    &lt;xml&gt;\r\n    &lt;o:OfficeDocumentSettings&gt;\r\n        &lt;o:AllowPNG/&gt;\r\n        &lt;o:PixelsPerInch&gt;96&lt;/o:PixelsPerInch&gt;\r\n    &lt;/o:OfficeDocumentSettings&gt;\r\n    &lt;/xml&gt;\r\n    &lt;![endif]--&gt;\r\n\r\n    &lt;!-- Web Font / @font-face : BEGIN --&gt;\r\n    &lt;!-- NOTE: If web fonts are not required, lines 23 - 41 can be safely removed. --&gt;\r\n\r\n    &lt;!-- Desktop Outlook chokes on web font references and defaults to Times New Roman, so we force a safe fallback font. --&gt;\r\n    &lt;!--[if mso]&gt;\r\n    &lt;style&gt;\r\n    * {\r\n        font-family: serif !important;\r\n    }\r\n    &lt;/style&gt;\r\n    &lt;![endif]--&gt;\r\n\r\n    &lt;!-- All other clients get the webfont reference; some will render the font and others will silently fail to the fallbacks. More on that here: http://stylecampaign.com/blog/2015/02/webfont-support-in-email/ --&gt;\r\n    &lt;!--[if !mso]&gt;&lt;!--&gt;\r\n    &lt;!-- insert web font reference, eg: &lt;link href=\'https://fonts.googleapis.com/css?family=Roboto:400,700\' rel=\'stylesheet\' type=\'text/css\'&gt; --&gt;\r\n    &lt;style&gt;\r\n        /* \r\n          See https://handelsblatt-gmbh.atlassian.net/wiki/spaces/CUE/pages/2952069143/Tagesspiegel+Fonts\r\n          for info about what these fonts are, how they were created and where they are hosted.\r\n        */\r\n        /** Franklin Gothic **/\r\n        @font-face {\r\n            font-family: \'Franklin Gothic FS\';\r\n            src: url(\'https://assets.tagesspiegel.de/fonts/franklingothic-book-basic.c62561d04e5eb023ca3e2fde512605c0.woff2\')\r\n            format(\'woff2\');\r\n            font-weight: 400;\r\n            font-style: normal;\r\n            font-display: swap;\r\n            unicode-range: U+0020-0022, U+0024-003B, U+003F-005A, U+0061-007A, U+00A0, U+00AB, U+00AD, U+00BB,\r\n            U+00C4, U+00D6, U+00DC, U+00DF, U+00E4, U+00E9, U+00F6, U+00FC, U+2013, U+2014, U+2018-201A,\r\n            U+201C-201E, U+2026, U+20AC;\r\n        }\r\n\r\n        @font-face {\r\n            font-family: \'Franklin Gothic FS\';\r\n            src: url(\'https://assets.tagesspiegel.de/fonts/franklingothic-book-extended.b0f1fe099d20b0de899ed94f6292ba63.woff2\')\r\n            format(\'woff2\');\r\n            font-weight: 400;\r\n            font-style: normal;\r\n            font-display: swap;\r\n            unicode-range: U+0023, U+003C-003E, U+005B-0060, U+007B-007E, U+00A1-00AA, U+00AC, U+00AE-00BA,\r\n            U+00BC-00C3, U+00C5-00D5, U+00D7-00DE, U+00E0-00E3, U+00E5-00E8, U+00EA-00F5, U+00F7-00FB,\r\n            U+00FD-017F, U+2000-2012, U+2015, U+2020-2025, U+2027-203A, U+2070-207B, U+2080-208B,\r\n            U+2150-215F;\r\n        }\r\n\r\n        @font-face {\r\n            font-family: \'Franklin Gothic FS\';\r\n            src: url(\'https://assets.tagesspiegel.de/fonts/franklingothic-book-other.6c8ff800d4fec0ff804a756fc400d2b5.woff2\')\r\n            format(\'woff2\');\r\n            font-weight: 400;\r\n            font-style: normal;\r\n            font-display: swap;\r\n            unicode-range: U+0180-1FFF, U+2016-2017, U+201B, U+201F, U+203B-206F, U+207C-207F, U+208C-20AB,\r\n            U+20AD-214F, U+2160-27FF, U+2900-2BFF, U+2C60-2C7F, U+2E00-2E7F;\r\n        }\r\n\r\n        @font-face {\r\n            font-family: \'Franklin Gothic FS\';\r\n            src: url(\'https://assets.tagesspiegel.de/fonts/franklingothic-med-basic.4262342c15da29dbdffaff795d31ad13.woff2\')\r\n            format(\'woff2\');\r\n            font-weight: 600;\r\n            font-style: normal;\r\n            font-display: swap;\r\n            unicode-range: U+0020-0022, U+0024-003B, U+003F-005A, U+0061-007A, U+00A0, U+00AB, U+00AD, U+00BB,\r\n            U+00C4, U+00D6, U+00DC, U+00DF, U+00E4, U+00E9, U+00F6, U+00FC, U+2013, U+2014, U+2018-201A,\r\n            U+201C-201E, U+2026, U+20AC;\r\n        }\r\n\r\n        @font-face {\r\n            font-family: \'Franklin Gothic FS\';\r\n            src: url(\'https://assets.tagesspiegel.de/fonts/franklingothic-med-extended.e84bf4c79c0055f692e535db121cff4a.woff2\')\r\n            format(\'woff2\');\r\n            font-weight: 600;\r\n            font-style: normal;\r\n            font-display: swap;\r\n            unicode-range: U+0023, U+003C-003E, U+005B-0060, U+007B-007E, U+00A1-00AA, U+00AC, U+00AE-00BA,\r\n            U+00BC-00C3, U+00C5-00D5, U+00D7-00DE, U+00E0-00E3, U+00E5-00E8, U+00EA-00F5, U+00F7-00FB,\r\n            U+00FD-017F, U+2000-2012, U+2015, U+2020-2025, U+2027-203A, U+2070-207B, U+2080-208B,\r\n            U+2150-215F;\r\n        }\r\n\r\n        @font-face {\r\n            font-family: \'Franklin Gothic FS\';\r\n            src: url(\'https://assets.tagesspiegel.de/fonts/franklingothic-med-other.cf0c8764bdcabb0619e46b20c18d5147.woff2\')\r\n            format(\'woff2\');\r\n            font-weight: 600;\r\n            font-style: normal;\r\n            font-display: swap;\r\n            unicode-range: U+0180-1FFF, U+2016-2017, U+201B, U+201F, U+203B-206F, U+207C-207F, U+208C-20AB,\r\n            U+20AD-214F, U+2160-27FF, U+2900-2BFF, U+2C60-2C7F, U+2E00-2E7F;\r\n        }\r\n\r\n        @font-face {\r\n            font-family: \'Franklin Gothic FS\';\r\n            src: url(\'https://assets.tagesspiegel.de/fonts/franklingothic-bookit-basic.704694515c674340e94c2ed839b556d0.woff2\')\r\n            format(\'woff2\');\r\n            font-weight: 400;\r\n            font-style: italic;\r\n            font-display: swap;\r\n            unicode-range: U+0020-0022, U+0024-003B, U+003F-005A, U+0061-007A, U+00A0, U+00AB, U+00AD, U+00BB,\r\n            U+00C4, U+00D6, U+00DC, U+00DF, U+00E4, U+00E9, U+00F6, U+00FC, U+2013, U+2014, U+2018-201A,\r\n            U+201C-201E, U+2026, U+20AC;\r\n        }\r\n\r\n        @font-face {\r\n            font-family: \'Franklin Gothic FS\';\r\n            src: url(\'https://assets.tagesspiegel.de/fonts/franklingothic-bookit-extended.8d37e7ba346ee9bdd46ceb66649eeb6f.woff2\')\r\n            format(\'woff2\');\r\n            font-weight: 400;\r\n            font-style: italic;\r\n            font-display: swap;\r\n            unicode-range: U+0023, U+003C-003E, U+005B-0060, U+007B-007E, U+00A1-00AA, U+00AC, U+00AE-00BA,\r\n            U+00BC-00C3, U+00C5-00D5, U+00D7-00DE, U+00E0-00E3, U+00E5-00E8, U+00EA-00F5, U+00F7-00FB,\r\n            U+00FD-017F, U+2000-2012, U+2015, U+2020-2025, U+2027-203A, U+2070-207B, U+2080-208B,\r\n            U+2150-215F;\r\n        }\r\n\r\n        @font-face {\r\n            font-family: \'Franklin Gothic FS\';\r\n            src: url(\'https://assets.tagesspiegel.de/fonts/franklingothic-bookit-other.63348d74b73cbe3e9f4b9b81f2f21f2e.woff2\')\r\n            format(\'woff2\');\r\n            font-weight: 400;\r\n            font-style: italic;\r\n            font-display: swap;\r\n            unicode-range: U+0180-1FFF, U+2016-2017, U+201B, U+201F, U+203B-206F, U+207C-207F, U+208C-20AB,\r\n            U+20AD-214F, U+2160-27FF, U+2900-2BFF, U+2C60-2C7F, U+2E00-2E7F;\r\n        }\r\n\r\n        @font-face {\r\n            font-family: \'Franklin Gothic FS\';\r\n            src: url(\'https://assets.tagesspiegel.de/fonts/franklingothic-medit-basic.8d434a4bf415ab849c4fb2d487c78d9e.woff2\')\r\n            format(\'woff2\');\r\n            font-weight: 600;\r\n            font-style: italic;\r\n            font-display: swap;\r\n            unicode-range: U+0020-0022, U+0024-003B, U+003F-005A, U+0061-007A, U+00A0, U+00AB, U+00AD, U+00BB,\r\n            U+00C4, U+00D6, U+00DC, U+00DF, U+00E4, U+00E9, U+00F6, U+00FC, U+2013, U+2014, U+2018-201A,\r\n            U+201C-201E, U+2026, U+20AC;\r\n        }\r\n\r\n        @font-face {\r\n            font-family: \'Franklin Gothic FS\';\r\n            src: url(\'https://assets.tagesspiegel.de/fonts/franklingothic-medit-extended.aa7f600d761ddf13a12fd16126578493.woff2\')\r\n            format(\'woff2\');\r\n            font-weight: 600;\r\n            font-style: italic;\r\n            font-display: swap;\r\n            unicode-range: U+0023, U+003C-003E, U+005B-0060, U+007B-007E, U+00A1-00AA, U+00AC, U+00AE-00BA,\r\n            U+00BC-00C3, U+00C5-00D5, U+00D7-00DE, U+00E0-00E3, U+00E5-00E8, U+00EA-00F5, U+00F7-00FB,\r\n            U+00FD-017F, U+2000-2012, U+2015, U+2020-2025, U+2027-203A, U+2070-207B, U+2080-208B,\r\n            U+2150-215F;\r\n        }\r\n\r\n        @font-face {\r\n            font-family: \'Franklin Gothic FS\';\r\n            src: url(\'https://assets.tagesspiegel.de/fonts/franklingothic-medit-other.ecc26a3f1e51610680769e0acd49cddb.woff2\')\r\n            format(\'woff2\');\r\n            font-weight: 600;\r\n            font-style: italic;\r\n            font-display: swap;\r\n            unicode-range: U+0180-1FFF, U+2016-2017, U+201B, U+201F, U+203B-206F, U+207C-207F, U+208C-20AB,\r\n            U+20AD-214F, U+2160-27FF, U+2900-2BFF, U+2C60-2C7F, U+2E00-2E7F;\r\n        }\r\n\r\n        /** Abril Text **/\r\n        @font-face {\r\n            font-family: \'Abril Text\';\r\n            src: url(\'https://assets.tagesspiegel.de/fonts/Abril_Text_Regular-basic.c371b6fb87298eb4990a97124a47e7e4.woff2\')\r\n            format(\'woff2\');\r\n            font-weight: 400;\r\n            font-style: normal;\r\n            font-display: swap;\r\n            unicode-range: U+0020-0022, U+0024-003B, U+003F-005A, U+0061-007A, U+00A0, U+00AB, U+00AD, U+00BB,\r\n            U+00C4, U+00D6, U+00DC, U+00DF, U+00E4, U+00E9, U+00F6, U+00FC, U+2013, U+2014, U+2018-201A,\r\n            U+201C-201E, U+2026, U+20AC;\r\n        }\r\n\r\n        @font-face {\r\n            font-family: \'Abril Text\';\r\n            src: url(\'https://assets.tagesspiegel.de/fonts/Abril_Text_Regular-extended.413ee6f014cfa7c05f2979ccb6498cee.woff2\')\r\n            format(\'woff2\');\r\n            font-weight: 400;\r\n            font-style: normal;\r\n            font-display: swap;\r\n            unicode-range: U+0023, U+003C-003E, U+005B-0060, U+007B-007E, U+00A1-00AA, U+00AC, U+00AE-00BA,\r\n            U+00BC-00C3, U+00C5-00D5, U+00D7-00DE, U+00E0-00E3, U+00E5-00E8, U+00EA-00F5, U+00F7-00FB,\r\n            U+00FD-017F, U+2000-2012, U+2015, U+2020-2025, U+2027-203A, U+2070-207B, U+2080-208B,\r\n            U+2150-215F;\r\n        }\r\n\r\n        @font-face {\r\n            font-family: \'Abril Text\';\r\n            src: url(\'https://assets.tagesspiegel.de/fonts/Abril_Text_Regular-other.61f64d4bd1292c6d4197f0e2b25dbd5c.woff2\')\r\n            format(\'woff2\');\r\n            font-weight: 400;\r\n            font-style: normal;\r\n            font-display: swap;\r\n            unicode-range: U+0180-1FFF, U+2016-2017, U+201B, U+201F, U+203B-206F, U+207C-207F, U+208C-20AB,\r\n            U+20AD-214F, U+2160-27FF, U+2900-2BFF, U+2C60-2C7F, U+2E00-2E7F;\r\n        }\r\n\r\n        @font-face {\r\n            font-family: \'Abril Text\';\r\n            src: url(\'https://assets.tagesspiegel.de/fonts/Abril_Text_Italic-basic.6c5932e5019579d6c76d1822e5aacc4d.woff2\')\r\n            format(\'woff2\');\r\n            font-weight: 400;\r\n            font-style: italic;\r\n            font-display: swap;\r\n            unicode-range: U+0020-0022, U+0024-003B, U+003F-005A, U+0061-007A, U+00A0, U+00AB, U+00AD, U+00BB,\r\n            U+00C4, U+00D6, U+00DC, U+00DF, U+00E4, U+00E9, U+00F6, U+00FC, U+2013, U+2014, U+2018-201A,\r\n            U+201C-201E, U+2026, U+20AC;\r\n        }\r\n\r\n        @font-face {\r\n            font-family: \'Abril Text\';\r\n            src: url(\'https://assets.tagesspiegel.de/fonts/Abril_Text_Italic-extended.78a8e02738052517cef32ad41e080698.woff2\')\r\n            format(\'woff2\');\r\n            font-weight: 400;\r\n            font-style: italic;\r\n            font-display: swap;\r\n            unicode-range: U+0023, U+003C-003E, U+005B-0060, U+007B-007E, U+00A1-00AA, U+00AC, U+00AE-00BA,\r\n            U+00BC-00C3, U+00C5-00D5, U+00D7-00DE, U+00E0-00E3, U+00E5-00E8, U+00EA-00F5, U+00F7-00FB,\r\n            U+00FD-017F, U+2000-2012, U+2015, U+2020-2025, U+2027-203A, U+2070-207B, U+2080-208B,\r\n            U+2150-215F;\r\n        }\r\n\r\n        @font-face {\r\n            font-family: \'Abril Text\';\r\n            src: url(\'https://assets.tagesspiegel.de/fonts/Abril_Text_Italic-other.6550b277e9b9798aaca8c9bd4a29370d.woff2\')\r\n            format(\'woff2\');\r\n            font-weight: 400;\r\n            font-style: italic;\r\n            font-display: swap;\r\n            unicode-range: U+0180-1FFF, U+2016-2017, U+201B, U+201F, U+203B-206F, U+207C-207F, U+208C-20AB,\r\n            U+20AD-214F, U+2160-27FF, U+2900-2BFF, U+2C60-2C7F, U+2E00-2E7F;\r\n        }\r\n\r\n        @font-face {\r\n            font-family: \'Abril Text\';\r\n            src: url(\'https://assets.tagesspiegel.de/fonts/Abril_Text_Bold-basic.ed72f8ea0597f63d7cc1a47ae7bb3acd.woff2\')\r\n            format(\'woff2\');\r\n            font-weight: 700;\r\n            font-style: normal;\r\n            font-display: swap;\r\n            unicode-range: U+0020-0022, U+0024-003B, U+003F-005A, U+0061-007A, U+00A0, U+00AB, U+00AD, U+00BB,\r\n            U+00C4, U+00D6, U+00DC, U+00DF, U+00E4, U+00E9, U+00F6, U+00FC, U+2013, U+2014, U+2018-201A,\r\n            U+201C-201E, U+2026, U+20AC;\r\n        }\r\n\r\n        @font-face {\r\n            font-family: \'Abril Text\';\r\n            src: url(\'https://assets.tagesspiegel.de/fonts/Abril_Text_Bold-extended.7e1a83a609780222181670109982a7a2.woff2\')\r\n            format(\'woff2\');\r\n            font-weight: 700;\r\n            font-style: normal;\r\n            font-display: swap;\r\n            unicode-range: U+0023, U+003C-003E, U+005B-0060, U+007B-007E, U+00A1-00AA, U+00AC, U+00AE-00BA,\r\n            U+00BC-00C3, U+00C5-00D5, U+00D7-00DE, U+00E0-00E3, U+00E5-00E8, U+00EA-00F5, U+00F7-00FB,\r\n            U+00FD-017F, U+2000-2012, U+2015, U+2020-2025, U+2027-203A, U+2070-207B, U+2080-208B,\r\n            U+2150-215F;\r\n        }\r\n\r\n        @font-face {\r\n            font-family: \'Abril Text\';\r\n            src: url(\'https://assets.tagesspiegel.de/fonts/Abril_Text_Bold-other.63f970ecd2e74982468d1d71a0d57603.woff2\')\r\n            format(\'woff2\');\r\n            font-weight: 700;\r\n            font-style: normal;\r\n            font-display: swap;\r\n            unicode-range: U+0180-1FFF, U+2016-2017, U+201B, U+201F, U+203B-206F, U+207C-207F, U+208C-20AB,\r\n            U+20AD-214F, U+2160-27FF, U+2900-2BFF, U+2C60-2C7F, U+2E00-2E7F;\r\n        }\r\n\r\n        @font-face {\r\n            font-family: \'Abril Text\';\r\n            src: url(\'https://assets.tagesspiegel.de/fonts/Abril_Text_BoldItalic-basic.1cd71e407d313b5db30f65b5a9bc639f.woff2\')\r\n            format(\'woff2\');\r\n            font-weight: 700;\r\n            font-style: italic;\r\n            font-display: swap;\r\n            unicode-range: U+0020-0022, U+0024-003B, U+003F-005A, U+0061-007A, U+00A0, U+00AB, U+00AD, U+00BB,\r\n            U+00C4, U+00D6, U+00DC, U+00DF, U+00E4, U+00E9, U+00F6, U+00FC, U+2013, U+2014, U+2018-201A,\r\n            U+201C-201E, U+2026, U+20AC;\r\n        }\r\n\r\n        @font-face {\r\n            font-family: \'Abril Text\';\r\n            src: url(\'https://assets.tagesspiegel.de/fonts/Abril_Text_BoldItalic-extended.b170c650a27d0d4e8388a0d71fedf766.woff2\')\r\n            format(\'woff2\');\r\n            font-weight: 700;\r\n            font-style: italic;\r\n            font-display: swap;\r\n            unicode-range: U+0023, U+003C-003E, U+005B-0060, U+007B-007E, U+00A1-00AA, U+00AC, U+00AE-00BA,\r\n            U+00BC-00C3, U+00C5-00D5, U+00D7-00DE, U+00E0-00E3, U+00E5-00E8, U+00EA-00F5, U+00F7-00FB,\r\n            U+00FD-017F, U+2000-2012, U+2015, U+2020-2025, U+2027-203A, U+2070-207B, U+2080-208B,\r\n            U+2150-215F;\r\n        }\r\n\r\n        @font-face {\r\n            font-family: \'Abril Text\';\r\n            src: url(\'https://assets.tagesspiegel.de/fonts/Abril_Text_BoldItalic-other.743b66d7be6806c719e244333d62bffd.woff2\')\r\n            format(\'woff2\');\r\n            font-weight: 700;\r\n            font-style: italic;\r\n            font-display: swap;\r\n            unicode-range: U+0180-1FFF, U+2016-2017, U+201B, U+201F, U+203B-206F, U+207C-207F, U+208C-20AB,\r\n            U+20AD-214F, U+2160-27FF, U+2900-2BFF, U+2C60-2C7F, U+2E00-2E7F;\r\n        }\r\n\r\n    &lt;/style&gt;\r\n    &lt;!--&lt;![endif]--&gt;\r\n\r\n    &lt;!-- Web Font / @font-face {: END --&gt;\r\n\r\n    &lt;!-- CSS Reset : BEGIN --&gt;\r\n    &lt;style&gt;\r\n\r\n        /* What it does: Tells the email client that only light styles are provided but the client can transform them to dark. A duplicate of meta color-scheme meta tag above. */\r\n\r\n        :root {\r\n            color-scheme: light;\r\n            supported-color-schemes: light;\r\n        }\r\n\r\n        /* What it does: Remove spaces around the email design added by some email clients. */\r\n        /* Beware: It can remove the padding / margin and add a background color to the compose a reply window. */\r\n        html,\r\n        body {\r\n            margin: 0 auto !important;\r\n            padding: 0 !important;\r\n            height: 100% !important;\r\n            width: 100% !important;\r\n        }\r\n\r\n        /* What it does: Stops email clients resizing small text. */\r\n        * {\r\n            -ms-text-size-adjust: 100%;\r\n            -webkit-text-size-adjust: 100%;\r\n        }\r\n\r\n        /* What it does: Centers email on Android 4.4 */\r\n        div[style*="margin: 16px 0"] {\r\n            margin: 0 !important;\r\n        }\r\n\r\n        /* What it does: forces Samsung Android mail clients to use the entire viewport */\r\n        #MessageViewBody, #MessageWebViewDiv{\r\n            width: 100% !important;\r\n        }\r\n\r\n        /* What it does: Stops Outlook from adding extra spacing to tables. */\r\n        table,\r\n        td {\r\n            mso-table-lspace: 0pt !important;\r\n            mso-table-rspace: 0pt !important;\r\n        }\r\n\r\n        /* What it does: Replaces default bold style. */\r\n        th {\r\n            font-weight: normal;\r\n        }\r\n\r\n        /* What it does: Fixes webkit padding issue. */\r\n        table {\r\n            border-spacing: 0 !important;\r\n            border-collapse: collapse !important;\r\n            table-layout: fixed !important;\r\n            margin: 0 auto !important;\r\n        }\r\n\r\n        /* What it does: Prevents Windows 10 Mail from underlining links despite inline CSS. Styles for underlined links should be inline. */\r\n        a {\r\n            text-decoration: none;\r\n        }\r\n\r\n        /* What it does: Uses a better rendering method when resizing images in IE. */\r\n        img {\r\n            -ms-interpolation-mode:bicubic;\r\n        }\r\n\r\n        /* What it does: A work-around for email clients meddling in triggered links. */\r\n        a[x-apple-data-detectors],  /* iOS */\r\n        .unstyle-auto-detected-links a,\r\n        .aBn {\r\n            border-bottom: 0 !important;\r\n            cursor: default !important;\r\n            color: inherit !important;\r\n            text-decoration: none !important;\r\n            font-size: inherit !important;\r\n            font-family: inherit !important;\r\n            font-weight: inherit !important;\r\n            line-height: inherit !important;\r\n        }\r\n\r\n        /* What it does: Prevents Gmail from changing the text color in conversation threads. */\r\n        .im {\r\n            color: inherit !important;\r\n        }\r\n\r\n        /* What it does: Prevents Gmail from displaying a download button on large, non-linked images. */\r\n        .a6S {\r\n            display: none !important;\r\n            opacity: 0.01 !important;\r\n        }\r\n        /* If the above doesn\'t work, add a .g-img class to any image in question. */\r\n        img.g-img + div {\r\n            display: none !important;\r\n        }\r\n\r\n        /* What it does: Removes right gutter in Gmail iOS app: https://github.com/TedGoas/Cerberus/issues/89  */\r\n        /* Create one of these media queries for each additional viewport size you\'d like to fix */\r\n\r\n        /* iPhone 4, 4S, 5, 5S, 5C, and 5SE */\r\n        @media only screen and (min-device-width: 320px) and (max-device-width: 374px) {\r\n            u ~ div .email-container {\r\n                min-width: 320px !important;\r\n            }\r\n        }\r\n        /* iPhone 6, 6S, 7, 8, and X */\r\n        @media only screen and (min-device-width: 375px) and (max-device-width: 413px) {\r\n            u ~ div .email-container {\r\n                min-width: 375px !important;\r\n            }\r\n        }\r\n        /* iPhone 6+, 7+, and 8+ */\r\n        @media only screen and (min-device-width: 414px) {\r\n            u ~ div .email-container {\r\n                min-width: 414px !important;\r\n            }\r\n        }\r\n\r\n    &lt;/style&gt;\r\n    &lt;!-- CSS Reset : END --&gt;\r\n\r\n    &lt;!-- Progressive Enhancements : BEGIN --&gt;\r\n    &lt;style&gt;\r\n\r\n        /* What it does: Hover styles for buttons */\r\n        .button-td,\r\n        .button-a {\r\n            transition: all 100ms ease-in;\r\n        }\r\n        .button-td-primary:hover,\r\n        .button-a-primary:hover {\r\n            background: #2a2a2a !important;\r\n            border-color: #2a2a2a !important;\r\n        }\r\n\r\n        /* Media Queries */\r\n        @media screen and (max-width: 600px) {\r\n\r\n            .email-container {\r\n                width: 100% !important;\r\n                margin: auto !important;\r\n            }\r\n\r\n            /* What it does: Forces table cells into full-width rows. */\r\n            .stack-column,\r\n            .stack-column-center {\r\n                display: block !important;\r\n                width: 100% !important;\r\n                max-width: 100% !important;\r\n                direction: ltr !important;\r\n            }\r\n            /* And center justify these ones. */\r\n            .stack-column-center {\r\n                text-align: center !important;\r\n            }\r\n\r\n            /* What it does: Generic utility class for centering. Useful for images, buttons, and nested tables. */\r\n            .center-on-narrow {\r\n                text-align: center !important;\r\n                display: block !important;\r\n                margin-left: auto !important;\r\n                margin-right: auto !important;\r\n                float: none !important;\r\n            }\r\n            table.center-on-narrow {\r\n                display: inline-block !important;\r\n            }\r\n\r\n            /* What it does: Adjust typography on small screens to improve readability */\r\n            .email-container p {\r\n                font-size: 17px !important;\r\n            }\r\n        }\r\n\r\n    &lt;/style&gt;\r\n    &lt;!-- Progressive Enhancements : END --&gt;\r\n\r\n    &lt;!--[if mso]&gt;\r\n    &lt;style type="text/css"&gt;\r\n    ul {Margin:0; margin:0 !important;}\r\n    li {margin-left:47px !important; list-style: disc !important; }\r\n    &lt;/style&gt;\r\n    &lt;![endif]--&gt;\r\n    &lt;style&gt;\r\n        @media screen and ( -webkit-min-device-pixel-ratio:0 ) {\r\n            .plus { list-style: none; }\r\n            .plus:before {\r\n                content: \'+\';\r\n                margin-left: -1.2em;\r\n                color: #ce0000;\r\n                padding-right: 10px;\r\n            }\r\n            /*!*.plus span {*!*/\r\n            /*!*  padding-left: .6em;*!*/\r\n            /*!*}*!*/\r\n            [class="x_plus"] { list-style: initial !important; }\r\n            [data-outlook-cycle] .plus { list-style: initial !important; }\r\n        }\r\n    &lt;/style&gt;\r\n\r\n&lt;/head&gt;\r\n\r\n&lt;body width="100%" style="margin: 0; padding: 0 !important; mso-line-height-rule: exactly;background-color: #e9f3f6"&gt;\r\n&lt;center role="article" aria-roledescription="email" lang="en" style="width: 100%; background-color: #e9f3f6"&gt;\r\n    &lt;!--[if mso | IE]&gt;\r\n    &lt;table role="presentation" border="0" cellpadding="0" cellspacing="0" width="100%" style="background-color: #e9f3f6"&gt;\r\n    &lt;tr&gt;\r\n        &lt;td&gt;\r\n    &lt;/table&gt;\r\n    &lt;![endif]--&gt;\r\n\r\n    \r\n    &lt;table role="presentation" cellspacing="0" cellpadding="0" border="0" width="100%" bgcolor="#D4E4EB" style="background: linear-gradient(to top,#e9f3f6 20%,#D4E4EB 20%)"&gt;\r\n    &lt;tr&gt;\r\n        &lt;td&gt;\r\n            &lt;div align="center" style="max-width: 600px; margin: auto;" class="email-container"&gt;\r\n                &lt;!--[if mso]&gt;\r\n                &lt;table role="presentation" cellspacing="0" cellpadding="0" border="0" width="600" align="center"&gt;\r\n                &lt;tr&gt;\r\n                    &lt;td&gt;\r\n                &lt;![endif]--&gt;\r\n                &lt;table role="presentation" cellspacing="0" cellpadding="0" border="0" width="100%"&gt;\r\n                    &lt;tr&gt;\r\n                        &lt;td style="padding: 20px; text-align: left; font-family: \'Abril Text\', serif; font-size: 15px; line-height: 20px; color: #ffffff;"&gt;\r\n                            &lt;div align="center" style="max-width: 600px; margin: auto;" class="email-container"&gt;\r\n                                &lt;!--[if mso]&gt;\r\n                                &lt;table role="presentation" cellspacing="0" cellpadding="0" border="0" width="600" align="center"&gt;\r\n                                &lt;tr&gt;\r\n                                    &lt;td&gt;\r\n                                &lt;![endif]--&gt;\r\n                                &lt;table role="presentation" cellspacing="0" cellpadding="0" border="0" width="100%"&gt;\r\n                                    &lt;tr&gt;\r\n                                        &lt;td style="padding: 20px 0; text-align: center; background-color: #D4E4EB"&gt;\r\n                                            &lt;img src="https://mein.tagesspiegel.de/themes/frontend/tagesspiegel/assets/img/mail/tsp-logo.png" width="180" height="46" alt="Der Tagesspiegel " border="0" style="height: auto; background: #D4E4EB; font-family: \'Abril Text\', serif; font-size: 15px; line-height: 15px; color: #2a2a2a;"&gt;\r\n                                        &lt;/td&gt;\r\n                                    &lt;/tr&gt;\r\n                                &lt;/table&gt;\r\n                                &lt;!--[if mso]&gt;\r\n                                &lt;/td&gt;\r\n                                &lt;/tr&gt;\r\n                                &lt;/table&gt;\r\n                                &lt;![endif]--&gt;\r\n                            &lt;/div&gt;\r\n                            &lt;!-- Hero Image, Flush : BEGIN --&gt;\r\n                            &lt;div align="center" style="max-width: 600px; margin: auto;" class="email-container"&gt;\r\n                                &lt;!--[if mso]&gt;\r\n                                &lt;table role="presentation" cellspacing="0" cellpadding="0" border="0" width="600" align="center"&gt;\r\n                                &lt;tr&gt;\r\n                                    &lt;td&gt;\r\n                                &lt;![endif]--&gt;\r\n                                &lt;table role="presentation" cellspacing="0" cellpadding="0" border="0" width="100%"&gt;\r\n                                    &lt;tr&gt;\r\n                                        &lt;td style="text-align: center;"&gt;\r\n                                            &lt;img src="https://mein.tagesspiegel.de/themes/frontend/tagesspiegel/assets/img/mail/tgs-aufmacher.png" width="" height="" alt="Der Tagesspiegel" title="Der Tagesspiegel" border="0" style="max-width:600px!important; width:100%!important; height: auto !important; font-family: \'Abril Text\', serif; font-size: 15px; line-height: 15px; color: #2a2a2a; margin: auto; display: block;" class="g-img"&gt;\r\n                                        &lt;/td&gt;\r\n                                    &lt;/tr&gt;\r\n                                &lt;/table&gt;\r\n                                &lt;!--[if mso]&gt;\r\n                                &lt;/td&gt;\r\n                                &lt;/tr&gt;\r\n                                &lt;/table&gt;\r\n                                &lt;![endif]--&gt;\r\n                            &lt;/div&gt;\r\n                            &lt;!-- Hero Image, Flush : END --&gt;\r\n                        &lt;/td&gt;\r\n                    &lt;/tr&gt;\r\n                &lt;/table&gt;\r\n                &lt;!--[if mso]&gt;\r\n                &lt;/td&gt;\r\n                &lt;/tr&gt;\r\n                &lt;/table&gt;\r\n                &lt;![endif]--&gt;\r\n            &lt;/div&gt;\r\n        &lt;/td&gt;\r\n    &lt;/tr&gt;\r\n&lt;/table&gt;\r\n    &lt;table align="center" role="presentation" cellspacing="0" cellpadding="0" border="0" width="600" style="margin: auto;" class="email-container"&gt;\r\n    &lt;tr&gt;\r\n        &lt;td&gt;\r\n            &lt;table cellpadding="0" cellspacing="0" border="0"&gt;\r\n                &lt;tr&gt;\r\n                    &lt;td style="background-color: #e9f3f6"&gt;\r\n                        &lt;table role="presentation" cellspacing="0" cellpadding="0" border="0" width="100%"&gt;\r\n                            &lt;tr&gt;\r\n                                &lt;td style="padding: 20px; font-family: \'Abril Text\', serif; font-size: 18px; line-height: 28px; color: #2a2a2a;"&gt;\r\n\r\n                                    \r\n\r\n\r\n\r\n&lt;h1 style="margin: 30px 0; font-size: 22px; line-height: 30px; color: #2a2a2a; font-weight: bold;"&gt;Herzlich Willkommen beim Tagesspiegel, new name!&lt;/h1&gt;\r\n&lt;p style="margin: 0 0 20px;"&gt;So geht es jetzt weiter:&lt;/p&gt;\r\n\r\n&lt;p style="margin: 0 0 20px;"&gt;Legen Sie hier Ihr Passwort fest:&lt;/p&gt;\r\n\r\n&lt;table align="center" width="100%" role="presentation" cellspacing="0" cellpadding="0" border="0" style="margin: auto;"&gt;\r\n    &lt;tr&gt;\r\n        &lt;td&gt;\r\n            &lt;table align="left" role="presentation" cellspacing="0" cellpadding="0" border="0" style="margin: auto; width: auto !important;"&gt;\r\n                &lt;tr&gt;\r\n                    &lt;td class="button-td button-td-primary" style="border-radius: 4px; background: #BE271A;"&gt;\r\n                        &lt;a class="button-a button-a-primary" href="https://mein.tagesspiegel.de/verify-token/d039c6168ae11e54a671ab4780f6a584e7eccb00?utm_source=optin-email&amp;amp;utm_medium=email&amp;amp;utm_campaign=meintgs-optin" style="background: #BE271A; border: 1px solid #BE271A; font-family: \'Franklin Gothic FS\', sans-serif; font-size: 18px; line-height: 20px; text-decoration: none; padding: 13px 17px; color: #ffffff; display: block; border-radius: 4px;"&gt;Jetzt Passwort festlegen&lt;/a&gt;\r\n                    &lt;/td&gt;\r\n                &lt;/tr&gt;\r\n            &lt;/table&gt;\r\n        &lt;/td&gt;\r\n    &lt;/tr&gt;\r\n&lt;/table&gt;\r\n\r\n&lt;p style="margin: 20px 0;"&gt;\r\n    Falls der obige Link nicht funktioniert, kopieren Sie bitte die nachfolgende URL und fügen diese in Ihren Internetbrowser ein:&lt;br /&gt;\r\n&lt;/p&gt;\r\n&lt;p style="word-break: break-all;"&gt;\r\n    https://mein.tagesspiegel.de/verify-token/d039c6168ae11e54a671ab4780f6a584e7eccb00\r\n&lt;/p&gt;\r\n\r\n&lt;p style="margin: 20px 0;"&gt;\r\n    Danach können Sie in Ihrem persönlichen Bereich unter\r\n    &lt;a href="https://mein.tagesspiegel.de" style="text-decoration: underline; color: #2a2a2a;"&gt;mein.tagesspiegel.de&lt;/a&gt;\r\n    Ihre persönlichen Daten und Abonnements einsehen\r\n&lt;/p&gt;\r\n\r\n&lt;p style="margin: 20px 0;"&gt;Wir wünschen Ihnen viel Vergnügen!&lt;/p&gt;\r\n&lt;p style="margin: 0 0 20px;"&gt;Ihr Tagesspiegel Team&lt;/p&gt;\r\n\r\n&lt;p style="margin: 20px 0;"&gt;\r\n    Hinweis: Bitte antworten Sie nicht auf diese E-Mail, da sie automatisch erstellt wurde.&lt;br /&gt;\r\n    Bei Fragen stehen wir Ihnen gerne unter\r\n    &lt;a style="text-decoration: underline; color: #2a2a2a;" href="mailto:leserservice@tagesspiegel.de"&gt;leserservice@tagesspiegel.de&lt;/a&gt;\r\n    zur Verfügung.\r\n&lt;/p&gt;\r\n\r\n\r\n                                &lt;/td&gt;\r\n                            &lt;/tr&gt;\r\n                        &lt;/table&gt;\r\n                    &lt;/td&gt;\r\n                &lt;/tr&gt;\r\n            &lt;/table&gt;\r\n        &lt;/td&gt;\r\n    &lt;/tr&gt;\r\n&lt;/table&gt;\r\n    &lt;table role="presentation" cellspacing="0" cellpadding="0" border="0" width="100%" style="background-color: #D4E4EB;"&gt;\r\n    &lt;tr&gt;\r\n        &lt;td&gt;\r\n            &lt;div align="center" style="max-width: 600px; margin: auto;" class="email-container"&gt;\r\n                &lt;!--[if mso]&gt;\r\n                &lt;table role="presentation" cellspacing="0" cellpadding="0" border="0" width="600" align="center"&gt;\r\n                &lt;tr&gt;\r\n                    &lt;td&gt;\r\n                &lt;![endif]--&gt;\r\n                &lt;table role="presentation" cellspacing="0" cellpadding="0" border="0" width="100%"&gt;\r\n                    &lt;tr&gt;\r\n                        &lt;td style="padding: 20px 0; text-align: center; background-color: #D4E4EB"&gt;\r\n                            &lt;img src="https://mein.tagesspiegel.de/themes/frontend/tagesspiegel/assets/img/mail/tsp-logo.png" width="180" height="46" alt="Der Tagesspiegel" border="0" style="height: auto; background: #D4E4EB; font-family: \'Abril Text\', serif; font-size: 15px; line-height: 15px; color: #2a2a2a;"&gt;\r\n                        &lt;/td&gt;\r\n                    &lt;/tr&gt;\r\n                    &lt;tr&gt;\r\n                        &lt;td style="padding: 20px; font-family: \'Franklin Gothic FS\', sans-serif; font-size: 16px; line-height: 24px; text-align: center; color: #2a2a2a;"&gt;\r\n\r\n                                                    Verlag Der Tagesspiegel GmbH&lt;br /&gt;\r\nAskanischer Platz 3 | 10963 Berlin&lt;br /&gt;\r\nTelefon: &lt;a href="tel:+493029021550" style="color:#2a2a2a; text-decoration: none;"&gt;(030) 290 21 - 550&lt;/a&gt;&lt;br /&gt;\r\nWeb: https://mein.tagesspiegel.de&lt;br /&gt;\r\nE-Mail: &lt;a href="mailto:leserservice@tagesspiegel.de" style="color:#2a2a2a; text-decoration: none;"&gt;leserservice@tagesspiegel.de&lt;/a&gt;&lt;br /&gt;\r\nRegistriergericht: AG Charlottenburg | Registriernummer: HRB 43850&lt;br /&gt;\r\nUmsatzsteuer-Identifikationsnummer: DE 151725755&lt;br /&gt;\r\nVertreten durch die Geschäftsführung: Gabriel Grabner, Nicolas Köhn&lt;br /&gt;\r\n© 2024 Verlag Der Tagesspiegel GmbH, Alle Rechte vorbehalten&lt;br /&gt;\r\n                        \r\n                        &lt;/td&gt;\r\n                    &lt;/tr&gt;\r\n                &lt;/table&gt;\r\n                &lt;!--[if mso]&gt;\r\n                &lt;/td&gt;\r\n                &lt;/tr&gt;\r\n                &lt;/table&gt;\r\n                &lt;![endif]--&gt;\r\n            &lt;/div&gt;\r\n        &lt;/td&gt;\r\n    &lt;/tr&gt;\r\n&lt;/table&gt;\r\n\r\n&lt;/center&gt;\r\n&lt;/body&gt;\r\n&lt;/html&gt;', 'Delivered-To': 'ankush180393@gmail.com', 'Received': 'from a7-13.smtp-out.eu-west-1.amazonses.com (a7-13.smtp-out.eu-west-1.amazonses.com. [54.240.7.13])\r\n        by mx.google.com with ESMTPS id ffacd0b85a97d-367cde811ccsi4134710f8f.76.2024.07.11.09.52.05\r\n        for &lt;ankush180393@gmail.com&gt;\r\n        (version=TLS1_3 cipher=TLS_AES_128_GCM_SHA256 bits=128/128);\r\n        Thu, 11 Jul 2024 09:52:05 -0700 (PDT)', 'X-Google-Smtp-Source': 'AGHT+IESolRQmBn2VfFkaNKyAPEiQPmG9kSCIqi1gKigQ+BAuNZ3s8pyBs5PSBICx6pEqyKQhtvA', 'X-Received': 'by 2002:a05:6512:3190:b0:52c:8a39:83d7 with SMTP id 2adb3069b0e04-52eb99d15c2mr6922889e87.52.1720716725387;\r\n        Thu, 11 Jul 2024 09:52:05 -0700 (PDT)', 'ARC-Seal': 'i=1; a=rsa-sha256; t=1720716725; cv=none;\r\n        d=google.com; s=arc-20160816;\r\n        b=DIa7DKkEOGddQqgyIpl+5PI7IVk5iCPgqSvO1f9mQ0j2q1Cs8B/QCkKYuGnrPYClUZ\r\n         8fUSeVXl+qNiyISRN9d8WfGeH2HFAv3iWkeoiBggARO4ZH8VLbUaQSgHo/gx5skShGca\r\n         rx5ttWaCy1+kmUZtSqOvJf6TFWbtjydBTBgpV+ejEraSZcAhmbzOGYCxHGa/FjxCCH9D\r\n         chkUanQl2cs2OKVa+45cuEueja3lTa40Ht0NeCEfvKAU9izBWqI9mjXaxP+PyHJmcogQ\r\n         6Iw4epb4KnvzTOz7PuND+jrMGtEpek2Cqxn+p4IQfKOTbPhbxKlUUfOi1Etq3BKAZN65\r\n         ip0g==', 'ARC-Message-Signature': 'i=1; a=rsa-sha256; c=relaxed/relaxed; d=google.com; s=arc-20160816;\r\n        h=feedback-id:content-transfer-encoding:date:mime-version:message-id\r\n         :subject:to:from:dkim-signature:dkim-signature;\r\n        bh=z5Tnc97z4scLA+Mp2PeAjkESDJsLqikrMRgIbJwEUjs=;\r\n        fh=la3IZUmS6us80QqNLOBe9RnBcgAklu2YTpBQhXOWjS4=;\r\n        b=u78q8II377q8RbaMKrVSjywGmMNZuXE+DwPklXNvnF+VVhRtyzwdL/cl6OlGi4333o\r\n         W5pwYDA6SnToRQ/7Sf9H8XH7DlNiyLjIfEipSMPqo0WcVSERBzyTKU4Wj0e7zZrly4Ec\r\n         +vQclqgVPqck/VBAAA6IbzvWkKkVX9Kob184V6jwVzfcI8JkSkFl2Sy1B4CLzf+LZYUs\r\n         Z2OE1TMG1Zfp4W2SWwwpz+R1MEICj/Y1ZICjrILmhOHUArS+qGOImEuPJQwsrhrmJSIM\r\n         b16yXWzSkwzXssKukfDikermp/PFUB3K/0NDUfnRGmKAGZnLuNyakd3yLPB1uwSOa6MU\r\n         95aA==;\r\n        dara=google.com', 'ARC-Authentication-Results': 'i=1; mx.google.com;\r\n       dkim=pass header.i=@tagesspiegel.de header.s=pnbsuamd5cuom4mwuwqpcuz73x5dt3kc header.b=LSDAe0ze;\r\n       dkim=pass header.i=@amazonses.com header.s=uku4taia5b5tsbglxyj6zym32efj7xqv header.b=g6vPLueL;\r\n       spf=pass (google.com: domain of 01020190a2b58a8b-56a45232-59ee-43ba-8b69-19eb4a7354a8-000000@eu-west-1.amazonses.com designates 54.240.7.13 as permitted sender) smtp.mailfrom=01020190a2b58a8b-56a45232-59ee-43ba-8b69-19eb4a7354a8-000000@eu-west-1.amazonses.com;\r\n       dmarc=pass (p=NONE sp=NONE dis=NONE) header.from=tagesspiegel.de', 'Return-Path': '&lt;01020190a2b58a8b-56a45232-59ee-43ba-8b69-19eb4a7354a8-000000@eu-west-1.amazonses.com&gt;', 'Received-SPF': 'pass (google.com: domain of 01020190a2b58a8b-56a45232-59ee-43ba-8b69-19eb4a7354a8-000000@eu-west-1.amazonses.com designates 54.240.7.13 as permitted sender) client-ip=54.240.7.13;', 'Authentication-Results': 'mx.google.com;\r\n       dkim=pass header.i=@tagesspiegel.de header.s=pnbsuamd5cuom4mwuwqpcuz73x5dt3kc header.b=LSDAe0ze;\r\n       dkim=pass header.i=@amazonses.com header.s=uku4taia5b5tsbglxyj6zym32efj7xqv header.b=g6vPLueL;\r\n       spf=pass (google.com: domain of 01020190a2b58a8b-56a45232-59ee-43ba-8b69-19eb4a7354a8-000000@eu-west-1.amazonses.com designates 54.240.7.13 as permitted sender) smtp.mailfrom=01020190a2b58a8b-56a45232-59ee-43ba-8b69-19eb4a7354a8-000000@eu-west-1.amazonses.com;\r\n       dmarc=pass (p=NONE sp=NONE dis=NONE) header.from=tagesspiegel.de', 'DKIM-Signature': 'v=1; a=rsa-sha256; q=dns/txt; c=relaxed/simple;\r\n\ts=uku4taia5b5tsbglxyj6zym32efj7xqv; d=amazonses.com; t=1720716725;\r\n\th=From:To:Subject:Message-ID:MIME-Version:Date:Content-Type:Content-Transfer-Encoding:Feedback-ID;\r\n\tbh=S0yXsKcFCo3O7Bu+IJX+bP6XFBjOuaLvToVKVGzRFcE=;\r\n\tb=g6vPLueLSJqdLDlMDxj2UlCk/5EP/JY2bKThbTpRIVtfvBiz15K54wmMIn6lo5sI\r\n\tMoULLIlW70CSkhLQ6VoGq+TAthSADsAoGWfQhqrLgePV4ErWpi80Pp8VB7GtHm5PvSd\r\n\tHi+tSJ3CDN36q5n+9s02WDZztlD+AvhCQ4EJUwXA=', 'From': 'Tagesspiegel Leserservice &lt;leserservice@tagesspiegel.de&gt;', 'To': 'ankush180393@gmail.com', 'Subject': 'Herzlich Willkommen beim Tagesspiegel - Jetzt Passwort vergeben!', 'Message-ID': '01020190a2b58a8b-56a45232-59ee-43ba-8b69-19eb4a7354a8-000000@eu-west-1.amazonses.com', 'MIME-Version': '1.0', 'Date': 'Thu, 11 Jul 2024 16:52:04 +0000', 'Content-Type': 'text/html; charset=utf-8', 'Content-Transfer-Encoding': 'quoted-printable', 'Feedback-ID': '::1.eu-west-1.laYP48GWxKvLvXO6xMBOcCxa3TagsE93OdYg05cVMbI=:AmazonSES', 'X-SES-Outgoing': '2024.07.11-54.240.7.13', 'Has-Attachments': False, 'uid': '1220'}