<?xml version="1.0" encoding="UTF-8"?>
<robot generator="Robot 7.0.1 (Python 3.12.4 on win32)" generated="2024-07-08T19:38:14.060549" rpa="false" schemaversion="5">
<suite id="s1" name="User Registration" source="C:\Users\ankushsharma\Tagesspiegel\tests\user_registration.robot">
<test id="s1-t1" name="User Registration and Verification" line="5">
<kw name="Open Browser And Navigate to Registration Form" owner="keywords">
<kw name="New Browser" owner="Browser">
<msg time="2024-07-08T19:38:19.041689" level="INFO">{"browser": "chromium", "headless": false, "chromiumSandbox": false, "devtools": false, "handleSIGHUP": true, "handleSIGINT": true, "handleSIGTERM": true, "slowMo": 0.0, "timeout": 30000.0, "tracesDir": "C:\\Users\\ankushsharma\\Tagesspiegel\\results\\browser\\traces\\2df1ab41-f311-41cf-8dab-d32db1febabc"}</msg>
<msg time="2024-07-08T19:38:20.402633" level="INFO">Successfully created browser with options: {"browser":"chromium","headless":false,"chromiumSandbox":false,"devtools":false,"handleSIGHUP":true,"handleSIGINT":true,"handleSIGTERM":true,"slowMo":0,"timeout":30000,"tracesDir":"C:\\Users\\ankushsharma\\Tagesspiegel\\results\\browser\\traces\\2df1ab41-f311-41cf-8dab-d32db1febabc"}</msg>
<arg>headless=False</arg>
<tag>BrowserControl</tag>
<tag>Setter</tag>
<doc>Create a new playwright Browser with specified options.</doc>
<status status="PASS" start="2024-07-08T19:38:19.037966" elapsed="1.365227"/>
</kw>
<kw name="New Page" owner="Browser">
<msg time="2024-07-08T19:38:33.974934" level="INFO">Keyword 'Take Screenshot  fail-screenshot-{index}' could not be run on failure:
Error: Tried to take screenshot, but no page was open.</msg>
<msg time="2024-07-08T19:38:33.975546" level="INFO">See also file:///C:/Users/ankushsharma/Tagesspiegel/results/playwright-log.txt for additional details.</msg>
<msg time="2024-07-08T19:38:33.977361" level="FAIL">TimeoutError: page.goto: Timeout 10000ms exceeded.
Call log:
  [2m- navigating to "https://www.tagesspiegel.de/", waiting until "load"[22m

Tip: Use "Set Browser Timeout" for increasing the timeout.</msg>
<arg>${BASE_URL}</arg>
<tag>BrowserControl</tag>
<tag>Setter</tag>
<doc>Open a new Page.</doc>
<status status="FAIL" start="2024-07-08T19:38:20.405439" elapsed="14.305904">TimeoutError: page.goto: Timeout 10000ms exceeded.
Call log:
  [2m- navigating to "https://www.tagesspiegel.de/", waiting until "load"[22m

Tip: Use "Set Browser Timeout" for increasing the timeout.</status>
</kw>
<status status="FAIL" start="2024-07-08T19:38:19.034843" elapsed="15.678372">TimeoutError: page.goto: Timeout 10000ms exceeded.
Call log:
  [2m- navigating to "https://www.tagesspiegel.de/", waiting until "load"[22m

Tip: Use "Set Browser Timeout" for increasing the timeout.</status>
</kw>
<status status="FAIL" start="2024-07-08T19:38:19.020122" elapsed="15.697575">TimeoutError: page.goto: Timeout 10000ms exceeded.
Call log:
  [2m- navigating to "https://www.tagesspiegel.de/", waiting until "load"[22m

Tip: Use "Set Browser Timeout" for increasing the timeout.</status>
</test>
<status status="FAIL" start="2024-07-08T19:38:14.066951" elapsed="21.104455"/>
</suite>
<statistics>
<total>
<stat pass="0" fail="1" skip="0">All Tests</stat>
</total>
<tag>
</tag>
<suite>
<stat pass="0" fail="1" skip="0" id="s1" name="User Registration">User Registration</stat>
</suite>
</statistics>
<errors>
</errors>
</robot>
