<?xml version="1.0" encoding="UTF-8"?>
<robot generator="Robot 7.0.1 (Python 3.12.4 on win32)" generated="2024-07-09T15:19:42.778547" rpa="false" schemaversion="5">
<suite id="s1" name="User Registration" source="C:\Users\ankushsharma\Tagesspiegel\tests\user_registration.robot">
<test id="s1-t1" name="User Registration and Verification" line="5">
<kw name="Open Browser And Navigate to Registration Form" owner="keywords">
<kw name="New Browser" owner="Browser">
<msg time="2024-07-09T15:19:44.533669" level="INFO">{"browser": "chromium", "headless": false, "chromiumSandbox": false, "devtools": false, "handleSIGHUP": true, "handleSIGINT": true, "handleSIGTERM": true, "slowMo": 0.0, "timeout": 30000.0, "tracesDir": "C:\\Users\\ankushsharma\\Tagesspiegel\\results\\browser\\traces\\34931ee6-8b90-4682-b74b-afae9dd0979c"}</msg>
<msg time="2024-07-09T15:19:46.138168" level="INFO">Successfully created browser with options: {"browser":"chromium","headless":false,"chromiumSandbox":false,"devtools":false,"handleSIGHUP":true,"handleSIGINT":true,"handleSIGTERM":true,"slowMo":0,"timeout":30000,"tracesDir":"C:\\Users\\ankushsharma\\Tagesspiegel\\results\\browser\\traces\\34931ee6-8b90-4682-b74b-afae9dd0979c"}</msg>
<arg>headless=False</arg>
<tag>BrowserControl</tag>
<tag>Setter</tag>
<doc>Create a new playwright Browser with specified options.</doc>
<status status="PASS" start="2024-07-09T15:19:44.532589" elapsed="1.605579"/>
</kw>
<kw name="Set Browser Timeout" owner="Browser">
<arg>10s</arg>
<tag>Config</tag>
<tag>Setter</tag>
<doc>Sets the timeout used by most input and getter keywords.</doc>
<status status="PASS" start="2024-07-09T15:19:46.138168" elapsed="0.002002"/>
</kw>
<kw name="New Page" owner="Browser">
<msg time="2024-07-09T15:19:52.728747" level="INFO">Successfully initialized new page object and opened url: https://www.tagesspiegel.de/</msg>
<msg time="2024-07-09T15:19:52.728747" level="INFO">No context was open. New context was automatically opened when this page is created.</msg>
<arg>${BASE_URL}</arg>
<tag>BrowserControl</tag>
<tag>Setter</tag>
<doc>Open a new Page.</doc>
<status status="PASS" start="2024-07-09T15:19:46.140170" elapsed="6.588577"/>
</kw>
<kw name="Set Viewport Size" owner="Browser">
<msg time="2024-07-09T15:19:52.877617" level="INFO">Set viewport size to: [object Object]</msg>
<arg>1920</arg>
<arg>1080</arg>
<tag>BrowserControl</tag>
<tag>Setter</tag>
<doc>Sets current Pages viewport size to specified dimensions.</doc>
<status status="PASS" start="2024-07-09T15:19:52.728747" elapsed="0.148870"/>
</kw>
<kw name="Set Selector Prefix" owner="Browser">
<arg>${IFRAME_SELECTOR}</arg>
<tag>Config</tag>
<tag>Setter</tag>
<doc>Sets the prefix for all selectors in the given scope.</doc>
<status status="PASS" start="2024-07-09T15:19:52.877617" elapsed="0.001542"/>
</kw>
<kw name="Click" owner="Browser">
<msg time="2024-07-09T15:19:52.879611" level="INFO">Clicks the element '&gt;&gt;&gt; //button[@title="Alle akzeptieren"]'.</msg>
<arg>${ACCEPT_ALL}</arg>
<tag>PageContent</tag>
<tag>Setter</tag>
<doc>Simulates mouse click on the element found by ``selector``.</doc>
<status status="PASS" start="2024-07-09T15:19:52.879159" elapsed="0.564207"/>
</kw>
<kw name="Log" owner="BuiltIn">
<msg time="2024-07-09T15:19:53.449385" level="INFO">Cookies accepted</msg>
<arg>Cookies accepted</arg>
<arg>console=True</arg>
<doc>Logs the given message with the given level.</doc>
<status status="PASS" start="2024-07-09T15:19:53.447442" elapsed="0.004940"/>
</kw>
<kw name="Sleep" owner="BuiltIn">
<msg time="2024-07-09T15:19:54.457046" level="INFO">Slept 1 second.</msg>
<arg>1s</arg>
<doc>Pauses the test executed for the given time.</doc>
<status status="PASS" start="2024-07-09T15:19:53.455008" elapsed="1.002038"/>
</kw>
<kw name="Set Selector Prefix" owner="Browser">
<arg>${FOCUS_MAIN_PAGE}</arg>
<tag>Config</tag>
<tag>Setter</tag>
<doc>Sets the prefix for all selectors in the given scope.</doc>
<status status="PASS" start="2024-07-09T15:19:54.458037" elapsed="0.001013"/>
</kw>
<kw name="Wait For Elements State" owner="Browser">
<msg time="2024-07-09T15:19:54.647767" level="INFO">Waited for Element with selector xpath=//*[@id="page-container"] //*[@id="sso-menu"]/div/a/span/span at state visible</msg>
<arg>${ANMELDEN_SELECTOR}</arg>
<arg>visible</arg>
<tag>PageContent</tag>
<tag>Wait</tag>
<doc>Waits for the element found by ``selector`` to satisfy state option.</doc>
<status status="PASS" start="2024-07-09T15:19:54.459050" elapsed="0.189952"/>
</kw>
<kw name="Click" owner="Browser">
<msg time="2024-07-09T15:19:54.659041" level="INFO">Clicks the element '//*[@id="sso-menu"]/div/a/span/span'.</msg>
<arg>${ANMELDEN_SELECTOR}</arg>
<tag>PageContent</tag>
<tag>Setter</tag>
<doc>Simulates mouse click on the element found by ``selector``.</doc>
<status status="PASS" start="2024-07-09T15:19:54.651320" elapsed="5.264333"/>
</kw>
<status status="PASS" start="2024-07-09T15:19:44.531601" elapsed="15.384052"/>
</kw>
<status status="PASS" start="2024-07-09T15:19:44.522589" elapsed="15.394868"/>
</test>
<status status="PASS" start="2024-07-09T15:19:42.781584" elapsed="20.184875"/>
</suite>
<statistics>
<total>
<stat pass="1" fail="0" skip="0">All Tests</stat>
</total>
<tag>
</tag>
<suite>
<stat pass="1" fail="0" skip="0" id="s1" name="User Registration">User Registration</stat>
</suite>
</statistics>
<errors>
</errors>
</robot>
