<?xml version="1.0" encoding="UTF-8"?>
<robot generator="Robot 6.1.1 (Python 3.11.7 on win32)" generated="20240711 13:07:20.438" rpa="false" schemaversion="4">
<suite id="s1" name="User Registration" source="C:\Users\ankushsharma\Tagesspiegel\tests\user_registration.robot">
<test id="s1-t1" name="Get Registration Link and Complete Registration" line="9">
<kw name="Create Imap Client" library="keywords">
<arg>${IMAP_SERVER}</arg>
<arg>${EMAIL}</arg>
<arg>${EMAIL_PASSWORD}</arg>
<kw name="Create Email Handler" library="imap_actions">
<arg>${server}</arg>
<arg>${username}</arg>
<arg>${password}</arg>
<msg timestamp="20240711 13:07:22.753" level="WARN">SMTP server address is needed for authentication</msg>
<msg timestamp="20240711 13:07:22.755" level="WARN">Not able to establish SMTP connection</msg>
<status status="PASS" starttime="20240711 13:07:22.752" endtime="20240711 13:07:23.039"/>
</kw>
<status status="PASS" starttime="20240711 13:07:22.751" endtime="20240711 13:07:23.039"/>
</kw>
<kw name="Get Latest Email" library="keywords">
<var>${latest_email}</var>
<arg>False</arg>
<kw name="Get Latest Email" library="imap_actions">
<var>${latest_email}</var>
<arg>${unread}</arg>
<msg timestamp="20240711 13:07:23.078" level="INFO">IMAP search: 'ALL'</msg>
<msg timestamp="20240711 13:07:24.077" level="INFO">IMAP search: '17'</msg>
<msg timestamp="20240711 13:07:24.152" level="INFO">${latest_email} = [{'Mail-Id': '17', 'Message': &lt;email.message.Message object at 0x0000024455CEA410&gt;, 'Body': 'Random Test mail for this', 'MIME-Version': '1.0', 'Date': 'Thu, 11 Jul 2024 12:38:01 +0200', 'Message-ID':...</msg>
<status status="PASS" starttime="20240711 13:07:23.041" endtime="20240711 13:07:24.152"/>
</kw>
<msg timestamp="20240711 13:07:24.152" level="INFO">${latest_email} = [{'Mail-Id': '17', 'Message': &lt;email.message.Message object at 0x0000024455CEA410&gt;, 'Body': 'Random Test mail for this', 'MIME-Version': '1.0', 'Date': 'Thu, 11 Jul 2024 12:38:01 +0200', 'Message-ID':...</msg>
<status status="PASS" starttime="20240711 13:07:23.040" endtime="20240711 13:07:24.152"/>
</kw>
<kw name="Extract Registration Link" library="keywords">
<var>${registration_link}</var>
<arg>${latest_email.body}</arg>
<arg>${REGISTRATION_LINK_REGEX}</arg>
<msg timestamp="20240711 13:07:24.161" level="FAIL">Resolving variable '${latest_email.body}' failed: AttributeError: 'list' object has no attribute 'body'</msg>
<status status="FAIL" starttime="20240711 13:07:24.155" endtime="20240711 13:07:24.161"/>
</kw>
<kw name="Log" library="BuiltIn">
<arg>Registration Link: ${registration_link}</arg>
<doc>Logs the given message with the given level.</doc>
<status status="NOT RUN" starttime="20240711 13:07:24.164" endtime="20240711 13:07:24.165"/>
</kw>
<kw name="Access Registration Link from Mail" library="keywords">
<arg>${registration_link}</arg>
<status status="NOT RUN" starttime="20240711 13:07:24.166" endtime="20240711 13:07:24.166"/>
</kw>
<status status="FAIL" starttime="20240711 13:07:22.744" endtime="20240711 13:07:24.168">Resolving variable '${latest_email.body}' failed: AttributeError: 'list' object has no attribute 'body'</status>
</test>
<status status="FAIL" starttime="20240711 13:07:20.439" endtime="20240711 13:07:24.256"/>
</suite>
<statistics>
<total>
<stat pass="0" fail="1" skip="0">All Tests</stat>
</total>
<tag>
</tag>
<suite>
<stat pass="0" fail="1" skip="0" id="s1" name="User Registration">User Registration</stat>
</suite>
</statistics>
<errors>
<msg timestamp="20240711 13:07:22.753" level="WARN">SMTP server address is needed for authentication</msg>
<msg timestamp="20240711 13:07:22.755" level="WARN">Not able to establish SMTP connection</msg>
</errors>
</robot>
