<?xml version="1.0" encoding="UTF-8"?>
<robot generator="Robot 6.1.1 (Python 3.11.7 on win32)" generated="20240712 23:32:35.320" rpa="false" schemaversion="4">
<suite id="s1" name="User Registration" source="C:\Users\ankushsharma\Tagesspiegel\tests\user_registration.robot">
<test id="s1-t1" name="User Registration and Verification" line="5">
<kw name="Open Browser And Navigate to Registration Form" library="keywords">
<doc>Opens the Tagesspiegel website and navigates to the registration page.</doc>
<kw name="New Browser" library="Browser">
<arg>headless=False</arg>
<tag>BrowserControl</tag>
<tag>Setter</tag>
<doc>Create a new playwright Browser with specified options.</doc>
<msg timestamp="20240712 23:32:38.895" level="INFO">{"browser": "chromium", "headless": false, "chromiumSandbox": false, "devtools": false, "handleSIGHUP": true, "handleSIGINT": true, "handleSIGTERM": true, "slowMo": 0.0, "timeout": 30000.0, "tracesDir": "C:\\Users\\ankushsharma\\Tagesspiegel\\results\\browser\\traces\\b22e139d-4421-4866-a9fa-f00f0903169f"}</msg>
<msg timestamp="20240712 23:32:39.322" level="INFO">Successfully created browser with options: {"browser":"chromium","headless":false,"chromiumSandbox":false,"devtools":false,"handleSIGHUP":true,"handleSIGINT":true,"handleSIGTERM":true,"slowMo":0,"timeout":30000,"tracesDir":"C:\\Users\\ankushsharma\\Tagesspiegel\\results\\browser\\traces\\b22e139d-4421-4866-a9fa-f00f0903169f"}</msg>
<status status="PASS" starttime="20240712 23:32:38.894" endtime="20240712 23:32:39.322"/>
</kw>
<kw name="Set Browser Timeout" library="Browser">
<arg>10s</arg>
<tag>Config</tag>
<tag>Setter</tag>
<doc>Sets the timeout used by most input and getter keywords.</doc>
<status status="PASS" starttime="20240712 23:32:39.323" endtime="20240712 23:32:39.324"/>
</kw>
<kw name="New Page" library="Browser">
<arg>${BASE_URL}</arg>
<tag>BrowserControl</tag>
<tag>Setter</tag>
<doc>Open a new Page.</doc>
<msg timestamp="20240712 23:32:42.584" level="INFO">Successfully initialized new page object and opened url: https://www.tagesspiegel.de/</msg>
<msg timestamp="20240712 23:32:42.584" level="INFO">No context was open. New context was automatically opened when this page is created.</msg>
<status status="PASS" starttime="20240712 23:32:39.324" endtime="20240712 23:32:42.585"/>
</kw>
<kw name="Set Viewport Size" library="Browser">
<arg>1920</arg>
<arg>1080</arg>
<tag>BrowserControl</tag>
<tag>Setter</tag>
<doc>Sets current Pages viewport size to specified dimensions.</doc>
<msg timestamp="20240712 23:32:42.630" level="INFO">Set viewport size to: [object Object]</msg>
<status status="PASS" starttime="20240712 23:32:42.585" endtime="20240712 23:32:42.630"/>
</kw>
<kw name="Set Selector Prefix" library="Browser">
<arg>${IFRAME_SELECTOR}</arg>
<tag>Config</tag>
<tag>Setter</tag>
<doc>Sets the prefix for all selectors in the given scope.</doc>
<status status="PASS" starttime="20240712 23:32:42.630" endtime="20240712 23:32:42.634"/>
</kw>
<kw name="Click" library="Browser">
<arg>${ACCEPT_ALL}</arg>
<tag>PageContent</tag>
<tag>Setter</tag>
<doc>Simulates mouse click on the element found by ``selector``.</doc>
<msg timestamp="20240712 23:32:42.637" level="INFO">Clicks the element '&gt;&gt;&gt;    //button[@title="Alle akzeptieren"]'.</msg>
<status status="PASS" starttime="20240712 23:32:42.636" endtime="20240712 23:32:43.519"/>
</kw>
<kw name="Log" library="BuiltIn">
<arg>Cookies accepted</arg>
<arg>console=True</arg>
<doc>Logs the given message with the given level.</doc>
<msg timestamp="20240712 23:32:43.521" level="INFO">Cookies accepted</msg>
<status status="PASS" starttime="20240712 23:32:43.520" endtime="20240712 23:32:43.521"/>
</kw>
<kw name="Set Selector Prefix" library="Browser">
<arg>${FOCUS_MAIN_PAGE}</arg>
<tag>Config</tag>
<tag>Setter</tag>
<doc>Sets the prefix for all selectors in the given scope.</doc>
<status status="PASS" starttime="20240712 23:32:43.521" endtime="20240712 23:32:43.522"/>
</kw>
<kw name="Wait For Elements State" library="Browser">
<arg>${ANMELDEN_SELECTOR}</arg>
<arg>visible</arg>
<tag>PageContent</tag>
<tag>Wait</tag>
<doc>Waits for the element found by ``selector`` to satisfy state option.</doc>
<msg timestamp="20240712 23:32:43.548" level="INFO">Waited for Element with selector xpath=//*[@id="page-container"] //*[@id="sso-menu"]/div/a/span/span at state visible</msg>
<status status="PASS" starttime="20240712 23:32:43.523" endtime="20240712 23:32:43.549"/>
</kw>
<kw name="Click" library="Browser">
<arg>${ANMELDEN_SELECTOR}</arg>
<tag>PageContent</tag>
<tag>Setter</tag>
<doc>Simulates mouse click on the element found by ``selector``.</doc>
<msg timestamp="20240712 23:32:43.550" level="INFO">Clicks the element '//*[@id="sso-menu"]/div/a/span/span'.</msg>
<status status="PASS" starttime="20240712 23:32:43.550" endtime="20240712 23:32:43.665"/>
</kw>
<status status="PASS" starttime="20240712 23:32:38.893" endtime="20240712 23:32:43.665"/>
</kw>
<kw name="Fill Registration Form and Submit" library="keywords">
<doc>Fills out the registration form with test data.</doc>
<kw name="Set Selector Prefix" library="Browser">
<arg>${REGISTRATION_IFRAME}</arg>
<tag>Config</tag>
<tag>Setter</tag>
<doc>Sets the prefix for all selectors in the given scope.</doc>
<status status="PASS" starttime="20240712 23:32:43.669" endtime="20240712 23:32:43.670"/>
</kw>
<kw name="Set Browser Timeout" library="Browser">
<arg>30s</arg>
<tag>Config</tag>
<tag>Setter</tag>
<doc>Sets the timeout used by most input and getter keywords.</doc>
<msg timestamp="20240712 23:32:43.678" level="INFO">Set timeout to: 30000</msg>
<status status="PASS" starttime="20240712 23:32:43.670" endtime="20240712 23:32:43.678"/>
</kw>
<kw name="Wait For Elements State" library="Browser">
<arg>${REGISTRATION_BUTTON}</arg>
<arg>visible</arg>
<tag>PageContent</tag>
<tag>Wait</tag>
<doc>Waits for the element found by ``selector`` to satisfy state option.</doc>
<msg timestamp="20240712 23:32:51.629" level="INFO">Waited for Element with selector css=iframe#modal-iframe &gt;&gt;&gt;    //button[@data-nav-item="register"] at state visible</msg>
<status status="PASS" starttime="20240712 23:32:43.679" endtime="20240712 23:32:51.630"/>
</kw>
<kw name="Click" library="Browser">
<arg>${REGISTRATION_BUTTON}</arg>
<tag>PageContent</tag>
<tag>Setter</tag>
<doc>Simulates mouse click on the element found by ``selector``.</doc>
<msg timestamp="20240712 23:32:51.631" level="INFO">Clicks the element '&gt;&gt;&gt;    //button[@data-nav-item="register"]'.</msg>
<status status="PASS" starttime="20240712 23:32:51.631" endtime="20240712 23:32:52.849"/>
</kw>
<kw name="Wait For Elements State" library="Browser">
<arg>${EMAIL_INPUT}</arg>
<arg>visible</arg>
<tag>PageContent</tag>
<tag>Wait</tag>
<doc>Waits for the element found by ``selector`` to satisfy state option.</doc>
<msg timestamp="20240712 23:32:52.994" level="INFO">Waited for Element with selector css=iframe#modal-iframe &gt;&gt;&gt;    //*[@id="forms/formRegistration_email"] at state visible</msg>
<status status="PASS" starttime="20240712 23:32:52.849" endtime="20240712 23:32:52.994"/>
</kw>
<kw name="Fill Text" library="Browser">
<arg>${EMAIL_INPUT}</arg>
<arg>${EMAIL}</arg>
<tag>PageContent</tag>
<tag>Setter</tag>
<doc>Clears and fills the given ``txt`` into the text field found by ``selector``.</doc>
<msg timestamp="20240712 23:32:52.996" level="INFO">Fills the text 'anthony.smith.1991.01@gmail.com' in the given field.</msg>
<status status="PASS" starttime="20240712 23:32:52.994" endtime="20240712 23:32:53.072"/>
</kw>
<kw name="Fill Text" library="Browser">
<arg>${FIRST_NAME}</arg>
<arg>Andrew</arg>
<tag>PageContent</tag>
<tag>Setter</tag>
<doc>Clears and fills the given ``txt`` into the text field found by ``selector``.</doc>
<msg timestamp="20240712 23:32:53.073" level="INFO">Fills the text 'Andrew' in the given field.</msg>
<status status="PASS" starttime="20240712 23:32:53.072" endtime="20240712 23:32:53.300"/>
</kw>
<kw name="Fill Text" library="Browser">
<arg>${LAST_NAME}</arg>
<arg>Smith</arg>
<tag>PageContent</tag>
<tag>Setter</tag>
<doc>Clears and fills the given ``txt`` into the text field found by ``selector``.</doc>
<msg timestamp="20240712 23:32:53.301" level="INFO">Fills the text 'Smith' in the given field.</msg>
<status status="PASS" starttime="20240712 23:32:53.301" endtime="20240712 23:32:53.495"/>
</kw>
<kw name="Click" library="Browser">
<arg>${REGISTRATION}</arg>
<tag>PageContent</tag>
<tag>Setter</tag>
<doc>Simulates mouse click on the element found by ``selector``.</doc>
<msg timestamp="20240712 23:32:53.496" level="INFO">Clicks the element '&gt;&gt;&gt;    //button[@value="Jetzt registrieren"]'.</msg>
<status status="PASS" starttime="20240712 23:32:53.495" endtime="20240712 23:32:53.782"/>
</kw>
<kw name="Sleep" library="BuiltIn">
<arg>5s</arg>
<doc>Pauses the test executed for the given time.</doc>
<msg timestamp="20240712 23:32:58.784" level="INFO">Slept 5 seconds</msg>
<status status="PASS" starttime="20240712 23:32:53.782" endtime="20240712 23:32:58.786"/>
</kw>
<status status="PASS" starttime="20240712 23:32:43.666" endtime="20240712 23:32:58.787"/>
</kw>
<doc>This test case performs visiting the Tagesspiegel site and Registrting a new user.</doc>
<status status="PASS" starttime="20240712 23:32:38.889" endtime="20240712 23:32:58.872"/>
</test>
<test id="s1-t2" name="Get Registration Link and Complete Registration" line="10">
<kw name="Create Imap Client" library="keywords">
<arg>${IMAP_SERVER}</arg>
<arg>${EMAIL}</arg>
<arg>${EMAIL_PASSWORD}</arg>
<kw name="Create Email Handler" library="imap_actions">
<arg>${server}</arg>
<arg>${username}</arg>
<arg>${password}</arg>
<msg timestamp="20240712 23:32:59.640" level="WARN">SMTP server address is needed for authentication</msg>
<msg timestamp="20240712 23:32:59.710" level="WARN">Not able to establish SMTP connection</msg>
<status status="PASS" starttime="20240712 23:32:59.639" endtime="20240712 23:33:00.888"/>
</kw>
<status status="PASS" starttime="20240712 23:32:59.636" endtime="20240712 23:33:00.889"/>
</kw>
<kw name="Get Latest Email" library="keywords">
<var>${email_body}</var>
<arg>False</arg>
<kw name="Get Latest Email" library="imap_actions">
<var>${email_body}</var>
<arg>${unread}</arg>
<msg timestamp="20240712 23:33:01.011" level="INFO">IMAP search: 'ALL'</msg>
<msg timestamp="20240712 23:33:03.778" level="INFO">Latest email keys: dict_keys(['Mail-Id', 'Message', 'Body', 'Delivered-To', 'Received', 'X-Google-Smtp-Source', 'X-Received', 'ARC-Seal', 'ARC-Message-Signature', 'ARC-Authentication-Results', 'Return-Path', 'Received-SPF', 'Authentication-Results', 'DKIM-Signature', 'From', 'To', 'Subject', 'Message-ID', 'MIME-Version', 'Date', 'Content-Type', 'Content-Transfer-Encoding', 'Feedback-ID', 'X-SES-Outgoing', 'Has-Attachments', 'uid'])</msg>
<msg timestamp="20240712 23:33:03.779" level="INFO">${email_body} = {'Mail-Id': '18', 'Message': &lt;email.message.Message object at 0x0000016E56D9AD50&gt;, 'Body': '&lt;!DOCTYPE html&gt;\r\n&lt;html lang="en" xmlns="http://www.w3.org/1999/xhtml" xmlns:v="urn:schemas-microsoft-com:v...</msg>
<status status="PASS" starttime="20240712 23:33:00.892" endtime="20240712 23:33:03.779"/>
</kw>
<msg timestamp="20240712 23:33:03.781" level="INFO">${email_body} = {'Mail-Id': '18', 'Message': &lt;email.message.Message object at 0x0000016E56D9AD50&gt;, 'Body': '&lt;!DOCTYPE html&gt;\r\n&lt;html lang="en" xmlns="http://www.w3.org/1999/xhtml" xmlns:v="urn:schemas-microsoft-com:v...</msg>
<status status="PASS" starttime="20240712 23:33:00.891" endtime="20240712 23:33:03.781"/>
</kw>
<kw name="Extract Registration Link" library="keywords">
<var>${registration_link}</var>
<arg>${email_body}</arg>
<doc>Retrieves the latest email from the test email account.</doc>
<kw name="Get Regexp Matches" library="String">
<var>${matches}</var>
<arg>${email_body}</arg>
<arg>${REGISTRATION_LINK_REGEX}</arg>
<doc>Returns a list of all non-overlapping matches in the given string.</doc>
<msg timestamp="20240712 23:33:03.790" level="INFO">${matches} = ['https://mein.tagesspiegel.de/verify-token/675cdddcd9f7f92b5ec4c420e4c92ac3f4f3ad9c?utm_source=optin-email&amp;amp;utm_medium=email&amp;amp;utm_campaign=meintgs-optin', 'https://mein.tagesspiegel.de/verify-t...</msg>
<status status="PASS" starttime="20240712 23:33:03.787" endtime="20240712 23:33:03.790"/>
</kw>
<kw name="Set Variable" library="BuiltIn">
<var>${registration_link}</var>
<arg>${matches}[0]</arg>
<doc>Returns the given values which can then be assigned to a variables.</doc>
<msg timestamp="20240712 23:33:03.794" level="INFO">${registration_link} = https://mein.tagesspiegel.de/verify-token/675cdddcd9f7f92b5ec4c420e4c92ac3f4f3ad9c?utm_source=optin-email&amp;amp;utm_medium=email&amp;amp;utm_campaign=meintgs-optin</msg>
<status status="PASS" starttime="20240712 23:33:03.791" endtime="20240712 23:33:03.794"/>
</kw>
<msg timestamp="20240712 23:33:03.794" level="INFO">${registration_link} = https://mein.tagesspiegel.de/verify-token/675cdddcd9f7f92b5ec4c420e4c92ac3f4f3ad9c?utm_source=optin-email&amp;amp;utm_medium=email&amp;amp;utm_campaign=meintgs-optin</msg>
<status status="PASS" starttime="20240712 23:33:03.784" endtime="20240712 23:33:03.794"/>
</kw>
<kw name="Access Registration Link from Mail" library="keywords">
<arg>${registration_link}</arg>
<doc>Follows the registration link and completes the process. Create and save password.</doc>
<kw name="New Browser" library="Browser">
<arg>headless=False</arg>
<tag>BrowserControl</tag>
<tag>Setter</tag>
<doc>Create a new playwright Browser with specified options.</doc>
<msg timestamp="20240712 23:33:03.802" level="INFO">Switching browser to browser=a6fc41f1-31f3-4844-a539-599280fa972d</msg>
<msg timestamp="20240712 23:33:03.807" level="INFO">Successfully changed active browser: browser=a6fc41f1-31f3-4844-a539-599280fa972d</msg>
<msg timestamp="20240712 23:33:03.808" level="INFO">Reusing existing browser with id: browser=a6fc41f1-31f3-4844-a539-599280fa972d</msg>
<status status="PASS" starttime="20240712 23:33:03.798" endtime="20240712 23:33:03.808"/>
</kw>
<kw name="New Page" library="Browser">
<arg>${link}</arg>
<tag>BrowserControl</tag>
<tag>Setter</tag>
<doc>Open a new Page.</doc>
<msg timestamp="20240712 23:33:07.640" level="INFO">Successfully initialized new page object and opened url: https://mein.tagesspiegel.de/verify-token/675cdddcd9f7f92b5ec4c420e4c92ac3f4f3ad9c?utm_source=optin-email&amp;amp;utm_medium=email&amp;amp;utm_campaign=meintgs-optin</msg>
<msg timestamp="20240712 23:33:07.640" level="INFO">No context was open. New context was automatically opened when this page is created.</msg>
<status status="PASS" starttime="20240712 23:33:03.808" endtime="20240712 23:33:07.640"/>
</kw>
<kw name="Set Viewport Size" library="Browser">
<arg>1920</arg>
<arg>1080</arg>
<tag>BrowserControl</tag>
<tag>Setter</tag>
<doc>Sets current Pages viewport size to specified dimensions.</doc>
<msg timestamp="20240712 23:33:07.921" level="INFO">Set viewport size to: [object Object]</msg>
<status status="PASS" starttime="20240712 23:33:07.641" endtime="20240712 23:33:07.921"/>
</kw>
<kw name="Set Selector Prefix" library="Browser">
<arg>${IFRAME_SELECTOR_PASSWORD}</arg>
<tag>Config</tag>
<tag>Setter</tag>
<doc>Sets the prefix for all selectors in the given scope.</doc>
<status status="PASS" starttime="20240712 23:33:07.921" endtime="20240712 23:33:07.923"/>
</kw>
<kw name="Click" library="Browser">
<arg>${ACCEPT_ALL}</arg>
<tag>PageContent</tag>
<tag>Setter</tag>
<doc>Simulates mouse click on the element found by ``selector``.</doc>
<msg timestamp="20240712 23:33:07.924" level="INFO">Clicks the element '&gt;&gt;&gt;    //button[@title="Alle akzeptieren"]'.</msg>
<status status="PASS" starttime="20240712 23:33:07.923" endtime="20240712 23:33:08.373"/>
</kw>
<kw name="Set Selector Prefix" library="Browser">
<arg>${None}</arg>
<tag>Config</tag>
<tag>Setter</tag>
<doc>Sets the prefix for all selectors in the given scope.</doc>
<status status="PASS" starttime="20240712 23:33:08.374" endtime="20240712 23:33:08.375"/>
</kw>
<kw name="Wait For Elements State" library="Browser">
<arg>${FOCUS_PASSWORD_PAGE}</arg>
<arg>visible</arg>
<tag>PageContent</tag>
<tag>Wait</tag>
<doc>Waits for the element found by ``selector`` to satisfy state option.</doc>
<msg timestamp="20240712 23:33:08.394" level="INFO">Waited for Element with selector xpath=//*[@action="/sso/set-password"] at state visible</msg>
<status status="PASS" starttime="20240712 23:33:08.376" endtime="20240712 23:33:08.395"/>
</kw>
<kw name="Fill Text" library="Browser">
<arg>${CREATE_PASSWORD}</arg>
<arg>${NEW_PASSWORD}</arg>
<tag>PageContent</tag>
<tag>Setter</tag>
<doc>Clears and fills the given ``txt`` into the text field found by ``selector``.</doc>
<msg timestamp="20240712 23:33:08.397" level="INFO">Fills the text 'YourNewPassword123' in the given field.</msg>
<status status="PASS" starttime="20240712 23:33:08.396" endtime="20240712 23:33:08.444"/>
</kw>
<kw name="Fill Text" library="Browser">
<arg>${CONFIRM_PASSWORD}</arg>
<arg>${NEW_PASSWORD}</arg>
<tag>PageContent</tag>
<tag>Setter</tag>
<doc>Clears and fills the given ``txt`` into the text field found by ``selector``.</doc>
<msg timestamp="20240712 23:33:08.444" level="INFO">Fills the text 'YourNewPassword123' in the given field.</msg>
<status status="PASS" starttime="20240712 23:33:08.444" endtime="20240712 23:33:08.490"/>
</kw>
<kw name="Click" library="Browser">
<arg>${SAVE}</arg>
<tag>PageContent</tag>
<tag>Setter</tag>
<doc>Simulates mouse click on the element found by ``selector``.</doc>
<msg timestamp="20240712 23:33:08.491" level="INFO">Clicks the element 'xpath=//button[@value="Speichern"]'.</msg>
<status status="PASS" starttime="20240712 23:33:08.490" endtime="20240712 23:33:08.586"/>
</kw>
<kw name="Sleep" library="BuiltIn">
<arg>5s</arg>
<doc>Pauses the test executed for the given time.</doc>
<msg timestamp="20240712 23:33:13.588" level="INFO">Slept 5 seconds</msg>
<status status="PASS" starttime="20240712 23:33:08.586" endtime="20240712 23:33:13.588"/>
</kw>
<kw name="Get Url" library="Browser">
<var>${current_url}</var>
<tag>Assertion</tag>
<tag>Getter</tag>
<tag>PageContent</tag>
<doc>Returns the current URL.</doc>
<msg timestamp="20240712 23:33:13.592" level="INFO">${current_url} = https://mein.tagesspiegel.de/</msg>
<status status="PASS" starttime="20240712 23:33:13.588" endtime="20240712 23:33:13.592"/>
</kw>
<kw name="Should Be Equal" library="BuiltIn">
<arg>${current_url}</arg>
<arg>${EXPECTED_URL}</arg>
<doc>Fails if the given objects are unequal.</doc>
<status status="PASS" starttime="20240712 23:33:13.592" endtime="20240712 23:33:13.592"/>
</kw>
<kw name="Close Page" library="Browser">
<tag>BrowserControl</tag>
<tag>Setter</tag>
<doc>Closes the ``page`` in ``context`` in ``browser``.</doc>
<msg timestamp="20240712 23:33:13.606" level="INFO">Switching browser to CURRENT</msg>
<msg timestamp="20240712 23:33:13.611" level="INFO">Returned active browser id. CURRENT</msg>
<msg timestamp="20240712 23:33:13.612" level="INFO">Switching browser to browser=a6fc41f1-31f3-4844-a539-599280fa972d</msg>
<msg timestamp="20240712 23:33:13.618" level="INFO">Successfully changed active browser: browser=a6fc41f1-31f3-4844-a539-599280fa972d</msg>
<msg timestamp="20240712 23:33:13.618" level="INFO">Switching context to CURRENT in CURRENT</msg>
<msg timestamp="20240712 23:33:13.622" level="INFO">Returned active context id: CURRENT</msg>
<msg timestamp="20240712 23:33:13.623" level="INFO">Switching context to context=b031a867-1c89-4dfb-a666-84f2f7150437 in CURRENT</msg>
<msg timestamp="20240712 23:33:13.632" level="INFO">Successfully changed active context: context=b031a867-1c89-4dfb-a666-84f2f7150437</msg>
<msg timestamp="20240712 23:33:13.666" level="INFO">Successfully closed Page with runBeforeUnload false</msg>
<status status="PASS" starttime="20240712 23:33:13.592" endtime="20240712 23:33:13.668"/>
</kw>
<status status="PASS" starttime="20240712 23:33:03.795" endtime="20240712 23:33:13.669"/>
</kw>
<kw name="Verify User is Logged in" library="keywords">
<doc>Verifies that the user is successfully registered and logged in.</doc>
<kw name="New Page" library="Browser">
<arg>${BASE_URL}</arg>
<tag>BrowserControl</tag>
<tag>Setter</tag>
<doc>Open a new Page.</doc>
<msg timestamp="20240712 23:33:19.388" level="INFO">Successfully initialized new page object and opened url: https://www.tagesspiegel.de/</msg>
<status status="PASS" starttime="20240712 23:33:13.672" endtime="20240712 23:33:19.388"/>
</kw>
<kw name="Set Viewport Size" library="Browser">
<arg>1920</arg>
<arg>1080</arg>
<tag>BrowserControl</tag>
<tag>Setter</tag>
<doc>Sets current Pages viewport size to specified dimensions.</doc>
<msg timestamp="20240712 23:33:19.443" level="INFO">Set viewport size to: [object Object]</msg>
<status status="PASS" starttime="20240712 23:33:19.389" endtime="20240712 23:33:19.443"/>
</kw>
<kw name="Wait For Elements State" library="Browser">
<arg>${MEIN_KONTO}</arg>
<arg>visible</arg>
<tag>PageContent</tag>
<tag>Wait</tag>
<doc>Waits for the element found by ``selector`` to satisfy state option.</doc>
<msg timestamp="20240712 23:33:19.657" level="INFO">Waited for Element with selector //*[@id="myAccount-control"]/span[2] at state visible</msg>
<status status="PASS" starttime="20240712 23:33:19.444" endtime="20240712 23:33:19.657"/>
</kw>
<kw name="Click" library="Browser">
<arg>${MEIN_KONTO}</arg>
<tag>PageContent</tag>
<tag>Setter</tag>
<doc>Simulates mouse click on the element found by ``selector``.</doc>
<msg timestamp="20240712 23:33:19.659" level="INFO">Clicks the element '//*[@id="myAccount-control"]/span[2]'.</msg>
<status status="PASS" starttime="20240712 23:33:19.658" endtime="20240712 23:33:19.872"/>
</kw>
<kw name="Wait For Elements State" library="Browser">
<var>${element}</var>
<arg>id=myAccount-panel</arg>
<arg>visible</arg>
<tag>PageContent</tag>
<tag>Wait</tag>
<doc>Waits for the element found by ``selector`` to satisfy state option.</doc>
<msg timestamp="20240712 23:33:19.927" level="INFO">Waited for Element with selector id=myAccount-panel at state visible</msg>
<msg timestamp="20240712 23:33:19.927" level="INFO">${element} = None</msg>
<status status="PASS" starttime="20240712 23:33:19.873" endtime="20240712 23:33:19.927"/>
</kw>
<kw name="Wait For Elements State" library="Browser">
<arg>${MEIN_PROFIL}</arg>
<arg>visible</arg>
<tag>PageContent</tag>
<tag>Wait</tag>
<doc>Waits for the element found by ``selector`` to satisfy state option.</doc>
<msg timestamp="20240712 23:33:19.988" level="INFO">Waited for Element with selector xpath=//*[@id="myAccount-panel"]/div/a[1] at state visible</msg>
<status status="PASS" starttime="20240712 23:33:19.928" endtime="20240712 23:33:19.988"/>
</kw>
<kw name="Click" library="Browser">
<arg>${MEIN_PROFIL}</arg>
<tag>PageContent</tag>
<tag>Setter</tag>
<doc>Simulates mouse click on the element found by ``selector``.</doc>
<msg timestamp="20240712 23:33:19.990" level="INFO">Clicks the element 'xpath=//*[@id="myAccount-panel"]/div/a[1]'.</msg>
<status status="PASS" starttime="20240712 23:33:19.988" endtime="20240712 23:33:21.000"/>
</kw>
<kw name="Wait For Elements State" library="Browser">
<arg>css=#tab-personal-data</arg>
<arg>visible</arg>
<arg>timeout=5s</arg>
<tag>PageContent</tag>
<tag>Wait</tag>
<doc>Waits for the element found by ``selector`` to satisfy state option.</doc>
<msg timestamp="20240712 23:33:21.833" level="INFO">Waited for Element with selector css=#tab-personal-data at state visible</msg>
<status status="PASS" starttime="20240712 23:33:21.001" endtime="20240712 23:33:21.833"/>
</kw>
<kw name="Get Element" library="Browser">
<var>${profile_email_element}</var>
<arg>${EMAIL_VALUE}</arg>
<tag>Getter</tag>
<tag>PageContent</tag>
<doc>Returns a reference to a Playwright [https://playwright.dev/docs/api/class-locator|Locator].</doc>
<msg timestamp="20240712 23:33:21.859" level="INFO">Locator found successfully.</msg>
<msg timestamp="20240712 23:33:21.859" level="INFO">${profile_email_element} = xpath=//*[@id="tab-personal-data"]/div/section/div[1]/span[4]/span[2]</msg>
<status status="PASS" starttime="20240712 23:33:21.834" endtime="20240712 23:33:21.860"/>
</kw>
<kw name="Get Text" library="Browser">
<var>${profile_email}</var>
<arg>${profile_email_element}</arg>
<tag>Assertion</tag>
<tag>Getter</tag>
<tag>PageContent</tag>
<doc>Returns text attribute of the element found by ``selector``.</doc>
<msg timestamp="20240712 23:33:22.100" level="INFO">Text: 'anthony.smith.1991.01@gmail.com'</msg>
<msg timestamp="20240712 23:33:22.100" level="INFO">${profile_email} = anthony.smith.1991.01@gmail.com</msg>
<status status="PASS" starttime="20240712 23:33:21.860" endtime="20240712 23:33:22.100"/>
</kw>
<kw name="Should Be Equal As Strings" library="BuiltIn">
<arg>${profile_email}</arg>
<arg>${EMAIL}</arg>
<doc>Fails if objects are unequal after converting them to strings.</doc>
<status status="PASS" starttime="20240712 23:33:22.101" endtime="20240712 23:33:22.101"/>
</kw>
<status status="PASS" starttime="20240712 23:33:13.671" endtime="20240712 23:33:22.101"/>
</kw>
<doc>This test case complete the registration process.</doc>
<status status="PASS" starttime="20240712 23:32:59.604" endtime="20240712 23:33:22.102"/>
</test>
<status status="PASS" starttime="20240712 23:32:35.321" endtime="20240712 23:33:22.371"/>
</suite>
<statistics>
<total>
<stat pass="2" fail="0" skip="0">All Tests</stat>
</total>
<tag>
</tag>
<suite>
<stat pass="2" fail="0" skip="0" id="s1" name="User Registration">User Registration</stat>
</suite>
</statistics>
<errors>
<msg timestamp="20240712 23:32:59.640" level="WARN">SMTP server address is needed for authentication</msg>
<msg timestamp="20240712 23:32:59.710" level="WARN">Not able to establish SMTP connection</msg>
</errors>
</robot>
